INFO: [VRFC 10-2263] Analyzing SystemVerilog file "E:/Users/Julian/Documents/Vivado/6847Next/NextVideo.srcs/sources_1/new/address_counter.sv" into library xil_defaultlib
INFO: [VRFC 10-311] analyzing module address_counter
INFO: [VRFC 10-2263] Analyzing SystemVerilog file "E:/Users/Julian/Documents/Vivado/6847Next/NextVideo.srcs/sources_1/new/count_extender.sv" into library xil_defaultlib
INFO: [VRFC 10-311] analyzing module count_extender
INFO: [VRFC 10-2263] Analyzing SystemVerilog file "E:/Users/Julian/Documents/Vivado/6847Next/NextVideo.srcs/sources_1/new/counter.sv" into library xil_defaultlib
INFO: [VRFC 10-311] analyzing module counter
INFO: [VRFC 10-2263] Analyzing SystemVerilog file "E:/Users/Julian/Documents/Vivado/6847Next/NextVideo.srcs/sources_1/new/dataregister.sv" into library xil_defaultlib
INFO: [VRFC 10-311] analyzing module dataregister
INFO: [VRFC 10-2263] Analyzing SystemVerilog file "E:/Users/Julian/Documents/Vivado/6847Next/NextVideo.srcs/sources_1/new/dataregisterwithdefault.sv" into library xil_defaultlib
INFO: [VRFC 10-311] analyzing module dataregisterwithdefault
INFO: [VRFC 10-2263] Analyzing SystemVerilog file "E:/Users/Julian/Documents/Vivado/6847Next/NextVideo.srcs/sources_1/new/geometry.sv" into library xil_defaultlib
INFO: [VRFC 10-311] analyzing module geometry
INFO: [VRFC 10-2263] Analyzing SystemVerilog file "E:/Users/Julian/Documents/Vivado/6847Next/NextVideo.srcs/sources_1/new/nextvideo.sv" into library xil_defaultlib
INFO: [VRFC 10-311] analyzing module nextvideo
INFO: [VRFC 10-2263] Analyzing SystemVerilog file "E:/Users/Julian/Documents/Vivado/6847Next/NextVideo.srcs/sources_1/new/palette.sv" into library xil_defaultlib
INFO: [VRFC 10-311] analyzing module palette
INFO: [VRFC 10-2263] Analyzing SystemVerilog file "E:/Users/Julian/Documents/Vivado/6847Next/NextVideo.srcs/sources_1/new/palettesource.sv" into library xil_defaultlib
INFO: [VRFC 10-311] analyzing module palettesource
INFO: [VRFC 10-2263] Analyzing SystemVerilog file "E:/Users/Julian/Documents/Vivado/6847Next/NextVideo.srcs/sources_1/new/pixelmux.sv" into library xil_defaultlib
INFO: [VRFC 10-311] analyzing module pixelmux
INFO: [VRFC 10-2263] Analyzing SystemVerilog file "E:/Users/Julian/Documents/Vivado/6847Next/NextVideo.srcs/sources_1/new/registermultiplexer.sv" into library xil_defaultlib
INFO: [VRFC 10-311] analyzing module registermultiplexer
INFO: [VRFC 10-2263] Analyzing SystemVerilog file "E:/Users/Julian/Documents/Vivado/6847Next/NextVideo.srcs/sources_1/new/timing.sv" into library xil_defaultlib
INFO: [VRFC 10-311] analyzing module timing
INFO: [VRFC 10-2263] Analyzing SystemVerilog file "E:/Users/Julian/Documents/Vivado/6847Next/NextVideo.srcs/sources_1/new/videomodeselect.sv" into library xil_defaultlib
INFO: [VRFC 10-311] analyzing module videomodeselect
INFO: [VRFC 10-2263] Analyzing SystemVerilog file "E:/Users/Julian/Documents/Vivado/6847Next/NextVideo.srcs/sources_1/new/zeroramvideo.sv" into library xil_defaultlib
INFO: [VRFC 10-311] analyzing module zeroramvideo
INFO: [VRFC 10-2263] Analyzing SystemVerilog file "E:/Users/Julian/Documents/Vivado/6847Next/NextVideo.srcs/sim_1/new/NextVideoTB.sv" into library xil_defaultlib
INFO: [VRFC 10-311] analyzing module NextVideoTB
