Vivado Simulator v2025.1.0
Copyright 1986-2022 Xilinx, Inc. All Rights Reserved.
Copyright 2022-2025 Advanced Micro Devices, Inc. All Rights Reserved.
Running: C:/Xilinx/2025.1/Vivado/bin/unwrapped/win64.o/xelab.exe --incr --debug typical --relax --mt 2 -L xil_defaultlib -L uvm -L unisims_ver -L unimacro_ver -L secureip --snapshot NextVideoTB_behav xil_defaultlib.NextVideoTB xil_defaultlib.glbl -log elaborate.log 
Using 2 slave threads.
Starting static elaboration
Pass Through NonSizing Optimizer
WARNING: [VRFC 10-3091] actual bit length 3 differs from formal bit length 4 for port 'gm' [H:/Vivado/NextVideo/NextVideo.srcs/sim_1/new/NextVideoTB.sv:48]
WARNING: [VRFC 10-3091] actual bit length 32 differs from formal bit length 10 for port 'portx' [H:/Vivado/NextVideo/NextVideo.srcs/sources_1/new/nextvideo.sv:107]
WARNING: [VRFC 10-3091] actual bit length 32 differs from formal bit length 9 for port 'porty' [H:/Vivado/NextVideo/NextVideo.srcs/sources_1/new/nextvideo.sv:109]
WARNING: [VRFC 10-3091] actual bit length 32 differs from formal bit length 1 for port 'sprite' [H:/Vivado/NextVideo/NextVideo.srcs/sources_1/new/nextvideo.sv:113]
WARNING: [VRFC 10-3091] actual bit length 4 differs from formal bit length 3 for port 'GM' [H:/Vivado/NextVideo/NextVideo.srcs/sources_1/new/nextvideo.sv:123]
WARNING: [VRFC 10-3091] actual bit length 1 differs from formal bit length 4 for port 'palette' [H:/Vivado/NextVideo/NextVideo.srcs/sources_1/new/nextvideo.sv:137]
WARNING: [VRFC 10-3823] variable 'dataOut' might have multiple concurrent drivers [H:/Vivado/NextVideo/NextVideo.srcs/sources_1/new/nextvideo.sv:173]
WARNING: [VRFC 10-3823] variable 'dataOut' might have multiple concurrent drivers [H:/Vivado/NextVideo/NextVideo.srcs/sources_1/new/nextvideo.sv:181]
WARNING: [VRFC 10-3823] variable 'dataOut' might have multiple concurrent drivers [H:/Vivado/NextVideo/NextVideo.srcs/sources_1/new/nextvideo.sv:189]
WARNING: [VRFC 10-3823] variable 'dataOut' might have multiple concurrent drivers [H:/Vivado/NextVideo/NextVideo.srcs/sources_1/new/nextvideo.sv:197]
WARNING: [VRFC 10-3823] variable 'dataOut' might have multiple concurrent drivers [H:/Vivado/NextVideo/NextVideo.srcs/sources_1/new/nextvideo.sv:205]
WARNING: [VRFC 10-3823] variable 'dataOut' might have multiple concurrent drivers [H:/Vivado/NextVideo/NextVideo.srcs/sources_1/new/nextvideo.sv:213]
WARNING: [VRFC 10-3823] variable 'dataOut' might have multiple concurrent drivers [H:/Vivado/NextVideo/NextVideo.srcs/sources_1/new/nextvideo.sv:221]
WARNING: [VRFC 10-3823] variable 'dataOut' might have multiple concurrent drivers [H:/Vivado/NextVideo/NextVideo.srcs/sources_1/new/nextvideo.sv:234]
WARNING: [VRFC 10-3823] variable 'dataOut' might have multiple concurrent drivers [H:/Vivado/NextVideo/NextVideo.srcs/sources_1/new/nextvideo.sv:242]
WARNING: [VRFC 10-3823] variable 'dataOut' might have multiple concurrent drivers [H:/Vivado/NextVideo/NextVideo.srcs/sources_1/new/nextvideo.sv:250]
WARNING: [VRFC 10-3823] variable 'dataOut' might have multiple concurrent drivers [H:/Vivado/NextVideo/NextVideo.srcs/sources_1/new/nextvideo.sv:258]
WARNING: [VRFC 10-3823] variable 'dataOut' might have multiple concurrent drivers [H:/Vivado/NextVideo/NextVideo.srcs/sources_1/new/nextvideo.sv:266]
WARNING: [VRFC 10-3823] variable 'dataOut' might have multiple concurrent drivers [H:/Vivado/NextVideo/NextVideo.srcs/sources_1/new/nextvideo.sv:274]
WARNING: [VRFC 10-3823] variable 'dataOut' might have multiple concurrent drivers [H:/Vivado/NextVideo/NextVideo.srcs/sources_1/new/nextvideo.sv:282]
WARNING: [VRFC 10-3823] variable 'dataOut' might have multiple concurrent drivers [H:/Vivado/NextVideo/NextVideo.srcs/sources_1/new/nextvideo.sv:290]
Completed static elaboration
Starting simulation data flow analysis
Completed simulation data flow analysis
Time Resolution for simulation is 1ps
Compiling module xil_defaultlib.count_extender(WIDTH=10)
Compiling module xil_defaultlib.counter(WIDTH=2)
Compiling module xil_defaultlib.counter(WIDTH=9)
Compiling module xil_defaultlib.timing
Compiling module xil_defaultlib.videomodeselect
Compiling module xil_defaultlib.counter(WIDTH=7)
Compiling module xil_defaultlib.zeroramvideo
Compiling module xil_defaultlib.counter(WIDTH=13)
Compiling module xil_defaultlib.pixelmux
Compiling module xil_defaultlib.registermultiplexer
Compiling module xil_defaultlib.dataregister
Compiling module xil_defaultlib.geometry
Compiling module xil_defaultlib.nextvideo
Compiling module xil_defaultlib.NextVideoTB
Compiling module xil_defaultlib.glbl
Built simulation snapshot NextVideoTB_behav
